<?xml version="1.0" encoding="UTF-8"?><testsuite xsi:noNamespaceSchemaLocation="https://raw.githubusercontent.com/jenkinsci/xunit-plugin/ae25da5089d4f94ac6c4669bf736e4d416cc4665/src/main/resources/org/jenkinsci/plugins/xunit/types/model/xsd/junit-10.xsd" xmlns:xsi="http://www.w3.org/2001/XMLSchema-instance" name="moto g(6) play" tests="4" failures="0" errors="0" time="18.307" skipped="0" timestamp="2023-07-13T12:42:05"><testcase name="test01" time="5.463" classname="app.identifier.IdentifierUITest"></testcase><testcase name="test04" time="3.207" classname="app.identifier.IdentifierUITest"></testcase><testcase name="test03" time="4.678" classname="app.identifier.IdentifierUITest"></testcase><testcase name="test02" time="4.959" classname="app.identifier.IdentifierUITest"></testcase></testsuite>